[0.564s] Invoking command in '/home/ryan/Desktop/f24_robotics/webots_ros2_homework1_python': PYTHONPATH=/home/ryan/Desktop/f24_robotics/build/webots_ros2_homework1_python/prefix_override:/usr/lib/python3/dist-packages/colcon_core/task/python/colcon_distutils_commands:/home/ryan/Desktop/f24_robotics/install/webots_ros2_homework1_python/lib/python3.10/site-packages:${PYTHONPATH} /usr/bin/python3 -W ignore:setup.py install is deprecated setup.py egg_info --egg-base ../build/webots_ros2_homework1_python build --build-base /home/ryan/Desktop/f24_robotics/build/webots_ros2_homework1_python/build install --record /home/ryan/Desktop/f24_robotics/build/webots_ros2_homework1_python/install.log --single-version-externally-managed install_data
[0.730s] running egg_info
[0.730s] writing ../build/webots_ros2_homework1_python/webots_ros2_homework1_python.egg-info/PKG-INFO
[0.730s] writing dependency_links to ../build/webots_ros2_homework1_python/webots_ros2_homework1_python.egg-info/dependency_links.txt
[0.730s] writing entry points to ../build/webots_ros2_homework1_python/webots_ros2_homework1_python.egg-info/entry_points.txt
[0.731s] writing requirements to ../build/webots_ros2_homework1_python/webots_ros2_homework1_python.egg-info/requires.txt
[0.731s] writing top-level names to ../build/webots_ros2_homework1_python/webots_ros2_homework1_python.egg-info/top_level.txt
[0.732s] reading manifest file '../build/webots_ros2_homework1_python/webots_ros2_homework1_python.egg-info/SOURCES.txt'
[0.732s] writing manifest file '../build/webots_ros2_homework1_python/webots_ros2_homework1_python.egg-info/SOURCES.txt'
[0.732s] running build
[0.732s] running build_py
[0.733s] running install
[0.733s] running install_lib
[0.734s] running install_data
[0.734s] copying launch/f23_robotics_1_launch.py -> /home/ryan/Desktop/f24_robotics/install/webots_ros2_homework1_python/share/webots_ros2_homework1_python/launch
[0.735s] running install_egg_info
[0.736s] removing '/home/ryan/Desktop/f24_robotics/install/webots_ros2_homework1_python/lib/python3.10/site-packages/webots_ros2_homework1_python-0.0.0-py3.10.egg-info' (and everything under it)
[0.736s] Copying ../build/webots_ros2_homework1_python/webots_ros2_homework1_python.egg-info to /home/ryan/Desktop/f24_robotics/install/webots_ros2_homework1_python/lib/python3.10/site-packages/webots_ros2_homework1_python-0.0.0-py3.10.egg-info
[0.736s] running install_scripts
[0.751s] Installing webots_ros2_homework1_python script to /home/ryan/Desktop/f24_robotics/install/webots_ros2_homework1_python/lib/webots_ros2_homework1_python
[0.751s] writing list of installed files to '/home/ryan/Desktop/f24_robotics/build/webots_ros2_homework1_python/install.log'
[0.771s] Invoked command in '/home/ryan/Desktop/f24_robotics/webots_ros2_homework1_python' returned '0': PYTHONPATH=/home/ryan/Desktop/f24_robotics/build/webots_ros2_homework1_python/prefix_override:/usr/lib/python3/dist-packages/colcon_core/task/python/colcon_distutils_commands:/home/ryan/Desktop/f24_robotics/install/webots_ros2_homework1_python/lib/python3.10/site-packages:${PYTHONPATH} /usr/bin/python3 -W ignore:setup.py install is deprecated setup.py egg_info --egg-base ../build/webots_ros2_homework1_python build --build-base /home/ryan/Desktop/f24_robotics/build/webots_ros2_homework1_python/build install --record /home/ryan/Desktop/f24_robotics/build/webots_ros2_homework1_python/install.log --single-version-externally-managed install_data
